<?xml version="1.0" encoding="UTF-8"?>
<!-- Generated by org.testng.reporters.JUnitReportReporter -->
<testsuite hostname="AMIT_PC" failures="0" tests="6" name="com.qa.testcases.user.USER_PUT_API_TESTS" time="13.306" errors="0" timestamp="2025-04-01T18:50:41 IST" skipped="0">
  <testcase classname="com.qa.testcases.user.USER_PUT_API_TESTS" name="Test1" time="4.670"/>
  <system-out/>
  <testcase classname="com.qa.testcases.user.USER_PUT_API_TESTS" name="Test2" time="1.301"/>
  <system-out/>
  <testcase classname="com.qa.testcases.user.USER_PUT_API_TESTS" name="Test3" time="1.496"/>
  <system-out/>
  <testcase classname="com.qa.testcases.user.USER_PUT_API_TESTS" name="Test4" time="1.292"/>
  <system-out/>
  <testcase classname="com.qa.testcases.user.USER_PUT_API_TESTS" name="Test5" time="1.765"/>
  <system-out/>
  <testcase classname="com.qa.testcases.user.USER_PUT_API_TESTS" name="Test6" time="2.782"/>
  <system-out/>
</testsuite> <!-- com.qa.testcases.user.USER_PUT_API_TESTS -->
