<?xml version="1.0" encoding="UTF-8"?>
<!-- Generated by org.testng.reporters.JUnitReportReporter -->
<testsuite hostname="AMIT_PC" failures="0" tests="6" name="com.qa.testcases.user.USER_POST_API_TESTS" time="15.521" errors="0" timestamp="2025-04-02T09:42:33 IST" skipped="0">
  <testcase classname="com.qa.testcases.user.USER_POST_API_TESTS" name="Test1" time="6.712"/>
  <system-out/>
  <testcase classname="com.qa.testcases.user.USER_POST_API_TESTS" name="Test2" time="1.360"/>
  <system-out/>
  <testcase classname="com.qa.testcases.user.USER_POST_API_TESTS" name="Test3" time="1.318"/>
  <system-out/>
  <testcase classname="com.qa.testcases.user.USER_POST_API_TESTS" name="Test4" time="1.362"/>
  <system-out/>
  <testcase classname="com.qa.testcases.user.USER_POST_API_TESTS" name="Test5" time="2.102"/>
  <system-out/>
  <testcase classname="com.qa.testcases.user.USER_POST_API_TESTS" name="Test6" time="2.667"/>
  <system-out/>
</testsuite> <!-- com.qa.testcases.user.USER_POST_API_TESTS -->
