<?xml version="1.0" encoding="UTF-8"?>
<!-- Generated by org.testng.reporters.JUnitReportReporter -->
<testsuite hostname="AMIT_PC" failures="0" tests="4" name="com.qa.testcases.user.USER_DELETE_API_TESTS" time="34.413" errors="0" timestamp="2025-04-02T09:23:57 IST" skipped="0">
  <testcase classname="com.qa.testcases.user.USER_DELETE_API_TESTS" name="Test1" time="10.167"/>
  <system-out/>
  <testcase classname="com.qa.testcases.user.USER_DELETE_API_TESTS" name="Test4" time="8.164"/>
  <system-out/>
  <testcase classname="com.qa.testcases.user.USER_DELETE_API_TESTS" name="Test2" time="7.803"/>
  <system-out/>
  <testcase classname="com.qa.testcases.user.USER_DELETE_API_TESTS" name="Test3" time="8.279"/>
  <system-out/>
</testsuite> <!-- com.qa.testcases.user.USER_DELETE_API_TESTS -->
